<?xml version="1.0" encoding="UTF-8"?>
<!-- Generated by org.testng.reporters.JUnitReportReporter -->
<testsuite hostname="QSPCOM101" failures="0" tests="1" name="Basic.LeadsTest" time="8.693" errors="0" timestamp="2024-03-23T09:44:28 IST" skipped="0">
  <testcase classname="Basic.LeadsTest" name="CreateLeadsTest" time="8.693"/>
  <system-out/>
</testsuite> <!-- Basic.LeadsTest -->
