<?xml version="1.0" encoding="UTF-8"?>
<!-- Generated by org.testng.reporters.JUnitReportReporter -->
<testsuite hostname="QSPCOM101" failures="0" tests="1" name="Basic.ContactsTest" time="9.222" errors="0" timestamp="2024-03-23T09:39:25 IST" skipped="0">
  <testcase classname="Basic.ContactsTest" name="CreateContactsTest" time="9.222"/>
  <system-out/>
</testsuite> <!-- Basic.ContactsTest -->
