<?xml version="1.0" encoding="UTF-8"?>
<!-- Generated by org.testng.reporters.JUnitReportReporter -->
<testsuite hostname="QSPCOM101" failures="0" tests="1" name="Basic.OrganizationsTest" time="6.505" errors="0" timestamp="2024-03-22T11:43:22 IST" skipped="0">
  <testcase classname="Basic.OrganizationsTest" name="CreateOrganizationsTest" time="6.505"/>
  <system-out/>
</testsuite> <!-- Basic.OrganizationsTest -->
