<?xml version="1.0" encoding="UTF-8"?>
<!-- Generated by org.testng.reporters.JUnitReportReporter -->
<testsuite hostname="QSPCOM101" failures="0" tests="1" name="Basic.OrganizationsTest" time="15.163" errors="0" timestamp="2024-03-23T09:52:32 IST" skipped="0">
  <testcase classname="Basic.OrganizationsTest" name="CreateOrganizationsTest" time="15.163"/>
  <system-out/>
</testsuite> <!-- Basic.OrganizationsTest -->
